<?xml version="1.0" encoding="utf-8"?><testsuites name="pytest tests"><testsuite name="pytest" errors="0" failures="0" skipped="4" tests="82" time="84.562" timestamp="2026-09-05T15:59:28.728410-04:00" hostname="BMP"><testcase classname="repo.tests.test_binary_river_adapter" name="test_binary_adapter_flags_high_entropy_blob" time="0.016" /><testcase classname="repo.tests.test_binary_river_adapter" name="test_binary_stream_is_deterministic_for_same_seed" time="0.003" /><testcase classname="repo.tests.test_compression_policy" name="test_policy_maps_sentinel_colors_to_modes" time="0.003" /><testcase classname="repo.tests.test_compression_policy" name="test_policy_thresholds_are_configurable" time="0.003" /><testcase classname="repo.tests.test_compression_policy" name="test_policy_accepts_direct_rule_objects" time="0.002" /><testcase classname="repo.tests.test_crypto_agility_adapter" name="test_crypto_adapter_flags_downgrade_and_legacy_crypto" time="0.003" /><testcase classname="repo.tests.test_crypto_agility_adapter" name="test_crypto_downgrade_stream_has_higher_risk_than_normal" time="0.022" /><testcase classname="repo.tests.test_ffmpeg_ingest_optional" name="test_ffmpeg_detection_helpers_do_not_require_tools" time="0.196" /><testcase classname="repo.tests.test_ffmpeg_ingest_optional" name="test_ffprobe_optional_skip_when_unavailable" time="0.105"><skipped type="pytest.skip" message="ffprobe is not installed; optional media metadata test skipped">C:\Users\bmpar\codex-worktrees\eidos-memory-utility\eidos\repo\tests\test_ffmpeg_ingest_optional.py:13: ffprobe is not installed; optional media metadata test skipped</skipped></testcase><testcase classname="repo.tests.test_live_residual_codec_integration" name="test_live_run_emits_residual_codec_tokens_with_real_metrics" time="0.759" /><testcase classname="repo.tests.test_market_forecast_smoke" name="test_market_smoke" time="1.091" /><testcase classname="repo.tests.test_multi_session_isolation" name="test_deep_merge_dict" time="0.003" /><testcase classname="repo.tests.test_multi_session_isolation" name="test_multi_session_isolation" time="1.120" /><testcase classname="repo.tests.test_numerical_core.TestSpectralRadius" name="test_diagonal_matrix" time="0.018" /><testcase classname="repo.tests.test_numerical_core.TestSpectralRadius" name="test_identity_matrix" time="0.008" /><testcase classname="repo.tests.test_numerical_core.TestSpectralRadius" name="test_known_asymmetric_matrix" time="0.121" /><testcase classname="repo.tests.test_numerical_core.TestSpectralRadius" name="test_zero_matrix_returns_zero" time="0.002" /><testcase classname="repo.tests.test_numerical_core.TestSpectralRadius" name="test_rescaled_matrix_preserves_ratio" time="0.028" /><testcase classname="repo.tests.test_numerical_core.TestAutoProjector" name="test_norm_preservation_high_to_low" time="0.009" /><testcase classname="repo.tests.test_numerical_core.TestAutoProjector" name="test_padding_low_to_high" time="0.061" /><testcase classname="repo.tests.test_numerical_core.TestAutoProjector" name="test_identity_same_dim" time="0.003" /><testcase classname="repo.tests.test_numerical_core.TestAutoProjector" name="test_deterministic_projection" time="0.011" /><testcase classname="repo.tests.test_numerical_core.TestAutoProjector" name="test_batch_norm_statistics" time="0.027" /><testcase classname="repo.tests.test_numerical_core.TestNewtonianPredictor" name="test_constant_velocity_tracking" time="0.039" /><testcase classname="repo.tests.test_numerical_core.TestNewtonianPredictor" name="test_noise_damping" time="0.137" /><testcase classname="repo.tests.test_numerical_core.TestOrchOrCollapse" name="test_basic_rounding" time="0.008" /><testcase classname="repo.tests.test_numerical_core.TestOrchOrCollapse" name="test_idempotent" time="0.003" /><testcase classname="repo.tests.test_numerical_core.TestHippocampusFamiliarity" name="test_write_and_recall" time="0.016" /><testcase classname="repo.tests.test_numerical_core.TestHippocampusFamiliarity" name="test_anticorrelation_lower_familiarity" time="0.031" /><testcase classname="repo.tests.test_numerical_core.TestOnlineVectorNormalizer" name="test_matches_batch_mean_std" time="0.030" /><testcase classname="repo.tests.test_numerical_core.TestOnlineVectorNormalizer" name="test_first_sample_returns_zero" time="0.003" /><testcase classname="repo.tests.test_numerical_core.TestOnlineVectorNormalizer" name="test_constant_input_gives_zero_output" time="0.009" /><testcase classname="repo.tests.test_numerical_core.TestCompressionRoundtrip" name="test_int16_roundtrip" time="0.003" /><testcase classname="repo.tests.test_numerical_core.TestCompressionRoundtrip" name="test_clipping_large_values" time="0.003" /><testcase classname="repo.tests.test_numerical_core.TestThermodynamicEnergy" name="test_sigmoid_bounds" time="0.002" /><testcase classname="repo.tests.test_numerical_core.TestThermodynamicEnergy" name="test_energy_scale_invariance" time="0.002" /><testcase classname="repo.tests.test_numerical_core.TestRLSReservoir" name="test_convergence_on_constant" time="0.293" /><testcase classname="repo.tests.test_numerical_core.TestRLSReservoir" name="test_weight_decay_removed" time="0.016" /><testcase classname="repo.tests.test_optional_deps" name="test_missing_websockets_guard" time="0.012"><skipped type="pytest.skip" message="websockets installed">C:\Users\bmpar\codex-worktrees\eidos-memory-utility\eidos\repo\tests\test_optional_deps.py:16: websockets installed</skipped></testcase><testcase classname="repo.tests.test_optional_deps" name="test_missing_pubsub_guard" time="0.008"><skipped type="pytest.skip" message="google-cloud-pubsub installed">C:\Users\bmpar\codex-worktrees\eidos-memory-utility\eidos\repo\tests\test_optional_deps.py:35: google-cloud-pubsub installed</skipped></testcase><testcase classname="repo.tests.test_optional_deps" name="test_missing_gcs_backend_guard" time="0.002"><skipped type="pytest.skip" message="google-cloud-storage installed">C:\Users\bmpar\codex-worktrees\eidos-memory-utility\eidos\repo\tests\test_optional_deps.py:43: google-cloud-storage installed</skipped></testcase><testcase classname="repo.tests.test_prediction_ledger" name="test_deterministic_prediction_id" time="0.002" /><testcase classname="repo.tests.test_prediction_ledger" name="test_ledger_append_reload" time="0.031" /><testcase classname="repo.tests.test_prediction_reports" name="test_report_generation" time="0.032" /><testcase classname="repo.tests.test_prediction_scoring" name="test_scoring_finite" time="0.002" /><testcase classname="repo.tests.test_prediction_sources" name="test_fixture_sources_keep_smoke_events" time="0.004" /><testcase classname="repo.tests.test_prediction_sources" name="test_rss_source_normalizes_items_with_stable_ids" time="0.008" /><testcase classname="repo.tests.test_prediction_sources" name="test_atom_source_normalizes_entries" time="0.003" /><testcase classname="repo.tests.test_prediction_sources" name="test_gdelt_source_normalizes_articles" time="0.011" /><testcase classname="repo.tests.test_prediction_sources" name="test_arxiv_source_uses_atom_api_shape" time="0.004" /><testcase classname="repo.tests.test_prediction_sources" name="test_local_jsonl_source_reads_normalized_records" time="0.042" /><testcase classname="repo.tests.test_prediction_sources" name="test_source_errors_are_audited_without_raising" time="0.004" /><testcase classname="repo.tests.test_preflight" name="test_preflight_manual_local_missing_path_fails" time="0.004" /><testcase classname="repo.tests.test_preflight" name="test_preflight_nl_mode_does_not_block" time="0.003" /><testcase classname="repo.tests.test_proof_runner" name="test_s1_generator_determinism" time="0.004" /><testcase classname="repo.tests.test_proof_runner" name="test_s6_has_no_labels" time="0.003" /><testcase classname="repo.tests.test_proof_runner" name="test_value_metric_finite" time="0.004" /><testcase classname="repo.tests.test_proof_runner" name="test_zstd_skip_behavior" time="0.010" /><testcase classname="repo.tests.test_proof_runner" name="test_artifact_contract" time="3.173" /><testcase classname="repo.tests.test_proof_runner" name="test_discovery_card_replay" time="1.688" /><testcase classname="repo.tests.test_proof_runner" name="test_counterexample_output" time="1.003" /><testcase classname="repo.tests.test_provenance_manifest" name="test_manifest_writer_no_throw" time="0.111" /><testcase classname="repo.tests.test_provenance_manifest" name="test_manifest_contains_expected_keys" time="0.130" /><testcase classname="repo.tests.test_quantum_compression_benchmark_smoke" name="test_quantum_compression_benchmark_smoke" time="0.612" /><testcase classname="repo.tests.test_quantum_syndrome_adapter" name="test_quantum_adapter_emits_fixed_dimension_and_metadata" time="0.008" /><testcase classname="repo.tests.test_quantum_syndrome_adapter" name="test_syndrome_burst_generator_increases_burst_feature" time="0.077" /><testcase classname="repo.tests.test_replay_golden_session" name="test_golden_session_replay" time="1.507" /><testcase classname="repo.tests.test_residual_codec_roundtrip" name="test_residual_codec_roundtrip_preserves_anomaly_context" time="0.005" /><testcase classname="repo.tests.test_residual_codec_roundtrip" name="test_token_jsonl_and_entropy_pack_roundtrip" time="0.014" /><testcase classname="repo.tests.test_smoke_synthetic" name="test_smoke_local_synthetic_runs" time="1.067" /><testcase classname="repo.tests.test_stream_writer" name="test_jsonl_token_writer_flushes_bounded_chunks" time="0.032" /><testcase classname="repo.tests.test_stream_writer" name="test_packed_token_writer_roundtrips_gzip" time="0.027" /><testcase classname="repo.tests.test_stream_writer" name="test_packed_token_writer_roundtrips_binary" time="0.030" /><testcase classname="repo.tests.test_stream_writer" name="test_packed_token_writer_roundtrips_jsonl" time="0.025" /><testcase classname="repo.tests.test_stream_writer" name="test_memory_and_null_writers_track_without_files" time="0.002" /><testcase classname="repo.tests.test_streaming" name="test_stream_http_lines_mocked" time="0.003" /><testcase classname="repo.tests.test_streaming" name="test_stream_websocket_mocked" time="0.005" /><testcase classname="repo.tests.test_streaming" name="test_stream_websocket_failure_emits_error" time="0.004" /><testcase classname="repo.tests.test_streaming" name="test_stream_ip_lines_mocked[tcp]" time="0.003" /><testcase classname="repo.tests.test_streaming" name="test_stream_ip_lines_mocked[udp]" time="0.003" /><testcase classname="repo.tests.test_world_telemetry_smoke" name="test_world_smoke" time="0.608" /><testcase classname="repo.tests.test_world_telemetry_smoke" name="test_world_local_jsonl_corpus_smoke" time="0.551" /></testsuite></testsuites>