<?xml version="1.0" encoding="utf-8"?><testsuites name="pytest tests"><testsuite name="pytest" errors="0" failures="0" skipped="0" tests="32" time="71.483" timestamp="2026-09-05T15:59:32.764488-04:00" hostname="BMP"><testcase classname="tests.test_memory_benchmark" name="test_exact_controls" time="0.064" /><testcase classname="tests.test_memory_benchmark" name="test_positive_negative_half_ties" time="0.113" /><testcase classname="tests.test_memory_benchmark" name="test_pulse_boundary_and_reset" time="0.113" /><testcase classname="tests.test_memory_benchmark" name="test_signed_carry_and_reset" time="0.004" /><testcase classname="tests.test_memory_benchmark" name="test_state_only_policy_wiring" time="0.010" /><testcase classname="tests.test_memory_benchmark" name="test_certificate_nonnormal_and_rejection" time="0.020" /><testcase classname="tests.test_memory_benchmark" name="test_real_listen_adapter" time="65.270" /><testcase classname="tests.test_memory_benchmark" name="test_freeze_rejects_modified_protocol_and_inputs" time="0.138" /><testcase classname="tests.test_memory_benchmark" name="test_fidelity_metrics_and_precision" time="0.370" /><testcase classname="tests.test_memory_benchmark" name="test_benchmark_preserves_deadline_failure" time="0.003" /><testcase classname="tests.test_memory_collection" name="test_legacy_package_does_not_hide_memory_benchmark" time="0.363" /><testcase classname="tests.test_memory_utility_data" name="test_timestamp_free_dataset_cannot_pass_and_no_overwrite" time="0.234" /><testcase classname="tests.test_memory_utility_data" name="test_suffix_values_and_labels_do_not_change_prefix_scaler" time="0.490" /><testcase classname="tests.test_memory_utility_data" name="test_label_permutation_cannot_change_model_inputs" time="0.363" /><testcase classname="tests.test_memory_utility_data" name="test_unknown_labels_fail_closed[]" time="0.003" /><testcase classname="tests.test_memory_utility_data" name="test_unknown_labels_fail_closed[unknown]" time="0.003" /><testcase classname="tests.test_memory_utility_data" name="test_unknown_labels_fail_closed[BENIGN1]" time="0.003" /><testcase classname="tests.test_memory_utility_data" name="test_unknown_labels_fail_closed[Web Attack - ransomware]" time="0.003" /><testcase classname="tests.test_memory_utility_data" name="test_unknown_labels_fail_closed[Web Attack - XSS2]" time="0.003" /><testcase classname="tests.test_memory_utility_data" name="test_unknown_label_blocks_preparation" time="0.172" /><testcase classname="tests.test_memory_utility_data" name="test_explicit_timestamp_format_and_overlap_gap_required" time="0.319" /><testcase classname="tests.test_memory_utility_data" name="test_availability_order_reversals_are_sorted_not_source_order" time="0.283" /><testcase classname="tests.test_memory_utility_data" name="test_duration_changes_availability_and_boundary_ties_stay_together" time="0.202" /><testcase classname="tests.test_memory_utility_data" name="test_completion_time_order_and_ties_are_explicit" time="0.003" /><testcase classname="tests.test_memory_utility_data" name="test_malformed_data_cannot_be_silently_dropped[bad,1,1-invalid_flow_duration]" time="0.214" /><testcase classname="tests.test_memory_utility_data" name="test_malformed_data_cannot_be_silently_dropped[-1,1,1-invalid_flow_duration]" time="0.202" /><testcase classname="tests.test_memory_utility_data" name="test_malformed_data_cannot_be_silently_dropped[1000000,1,1,extra-row_width_mismatch]" time="0.197" /><testcase classname="tests.test_memory_utility_data" name="test_invalid_time_and_ambiguous_selected_feature_block" time="0.369" /><testcase classname="tests.test_memory_utility_data" name="test_missing_values_and_zero_variance_are_prefix_only" time="0.003" /><testcase classname="tests.test_memory_utility_data" name="test_tamper_fails_and_source_read_failure_keeps_manifest" time="0.229" /><testcase classname="tests.test_memory_utility_data" name="test_existing_normalizer_changes_prefix_when_suffix_changes" time="0.203" /><testcase classname="tests.test_memory_utility_data" name="test_existing_calibration_decision_depends_on_ground_truth_windows" time="0.062" /></testsuite></testsuites>