<?xml version="1.0" encoding="utf-8"?><testsuites name="pytest tests"><testsuite name="pytest" errors="0" failures="0" skipped="0" tests="14" time="37.413" timestamp="2026-09-08T19:47:59.776667-04:00" hostname="BMP"><testcase classname="tests.test_guided.GuidedIngestionTests" name="test_ambiguous_timestamps_entities_labels_missing" time="0.163" /><testcase classname="tests.test_guided.GuidedIngestionTests" name="test_formats_preserve_records_and_label_isolation" time="1.742" /><testcase classname="tests.test_guided.GuidedIngestionTests" name="test_logs_templates_keep_semantics_and_originals" time="0.003" /><testcase classname="tests.test_guided.GuidedIngestionTests" name="test_malformed_oversize_formulas_and_image_pdf" time="0.541" /><testcase classname="tests.test_guided.GuidedIngestionTests" name="test_web_navigation_duplicates_and_long_text" time="0.002" /><testcase classname="tests.test_guided.GuidedCausalTests" name="test_future_perturbation_preserves_issued_forecasts" time="14.495" /><testcase classname="tests.test_guided.GuidedCausalTests" name="test_pre_update_baseline_is_distinct_and_outlier_cannot_mutate_it" time="0.004" /><testcase classname="tests.test_guided.GuidedCausalTests" name="test_telemetry_restart_is_equivalent_to_deterministic_replay" time="0.561" /><testcase classname="tests.test_guided.GuidedCausalTests" name="test_unordered_uses_named_baseline_not_temporal_engine" time="9.896" /></testsuite></testsuites>