<?xml version="1.0" encoding="utf-8"?><testsuites name="pytest tests"><testsuite name="pytest" errors="0" failures="0" skipped="0" tests="51" time="77.808" timestamp="2026-09-08T20:07:10.298703-04:00" hostname="BMP"><testcase classname="tests.test_dataset.DatasetTests" name="test_label_like_feature_is_rejected_even_when_explicit" time="0.038" /><testcase classname="tests.test_dataset.DatasetTests" name="test_labels_are_absent_from_engine_frames_and_metadata" time="0.029" /><testcase classname="tests.test_dataset.DatasetTests" name="test_normalization_is_fit_only_on_calibration" time="0.029" /><testcase classname="tests.test_dataset.DatasetTests" name="test_requested_file_never_falls_back" time="0.010" /><testcase classname="tests.test_engine_bridge.EngineBridgeTests" name="test_engine_can_import_companion_modules_from_its_directory" time="0.077" /><testcase classname="tests.test_engine_profiles.ProfileTests" name="test_actual_multiband_reservoir_preserves_numeric_type" time="14.144" /><testcase classname="tests.test_engine_profiles.ProfileTests" name="test_client_and_runner_profiles_match" time="1.657" /><testcase classname="tests.test_engine_profiles.ProfileTests" name="test_full_capacity_is_denied_without_explicit_runner_budget" time="0.010" /><testcase classname="tests.test_guided.GuidedIngestionTests" name="test_ambiguous_timestamps_entities_labels_missing" time="0.488" /><testcase classname="tests.test_guided.GuidedIngestionTests" name="test_formats_preserve_records_and_label_isolation" time="5.547" /><testcase classname="tests.test_guided.GuidedIngestionTests" name="test_logs_templates_keep_semantics_and_originals" time="0.007" /><testcase classname="tests.test_guided.GuidedIngestionTests" name="test_malformed_oversize_formulas_and_image_pdf" time="2.508" /><testcase classname="tests.test_guided.GuidedIngestionTests" name="test_web_navigation_duplicates_and_long_text" time="0.005" /><testcase classname="tests.test_guided.GuidedCausalTests" name="test_appending_future_rows_cannot_move_calibration_or_past_issues" time="11.674" /><testcase classname="tests.test_guided.GuidedCausalTests" name="test_future_perturbation_preserves_issued_forecasts" time="7.158" /><testcase classname="tests.test_guided.GuidedCausalTests" name="test_insufficient_history_and_session_boundaries_fail_explicitly" time="0.193" /><testcase classname="tests.test_guided.GuidedCausalTests" name="test_pre_update_baseline_is_distinct_and_outlier_cannot_mutate_it" time="0.004" /><testcase classname="tests.test_guided.GuidedCausalTests" name="test_telemetry_restart_is_equivalent_to_deterministic_replay" time="0.473" /><testcase classname="tests.test_guided.GuidedCausalTests" name="test_unordered_uses_named_baseline_not_temporal_engine" time="9.556" /><testcase classname="tests.test_job_receipts.ReceiptTests" name="test_external_failure_logs_still_require_operator_auth" time="5.003" /><testcase classname="tests.test_job_receipts.ReceiptTests" name="test_job_commits_predictions_before_evaluation_and_exposes_receipts" time="0.745" /><testcase classname="tests.test_job_receipts.ReceiptTests" name="test_manifest_hashes_only_immutable_artifacts" time="0.110" /><testcase classname="tests.test_job_receipts.ReceiptTests" name="test_telemetry_never_exports_labels_or_input_snippets" time="0.008" /><testcase classname="tests.test_metrics.MetricsTests" name="test_evaluation_requires_complete_unique_finite_frozen_predictions" time="0.095" /><testcase classname="tests.test_metrics.MetricsTests" name="test_only_evaluation_rows_are_scored_after_freeze" time="0.046" /><testcase classname="tests.test_metrics.MetricsTests" name="test_ties_cannot_invent_ranking_information" time="0.005" /><testcase classname="tests.test_sandbox_launcher.SandboxLauncherTests" name="test_bootstrap_failure_names_step_and_exposes_authenticated_diagnostics" time="0.122" /><testcase classname="tests.test_sandbox_launcher.SandboxLauncherTests" name="test_bootstrap_status_preserves_proof_boundary" time="0.043" /><testcase classname="tests.test_sandbox_launcher.SandboxLauncherTests" name="test_child_exit_without_terminal_receipt_fails_and_valid_failure_is_preserved" time="0.216" /><testcase classname="tests.test_sandbox_launcher.SandboxLauncherTests" name="test_dependency_install_failure_never_starts_engine" time="0.263" /><testcase classname="tests.test_sandbox_launcher.SandboxLauncherTests" name="test_existing_python_does_not_skip_install_or_cpu_verification" time="0.121" /><testcase classname="tests.test_sandbox_launcher.SandboxLauncherTests" name="test_invalid_request_still_commits_a_failed_receipt" time="0.183" /><testcase classname="tests.test_spec.SpecTests" name="test_boolean_seeds_and_nonfinite_splits_are_rejected" time="0.005" /><testcase classname="tests.test_spec.SpecTests" name="test_lock_round_trip_and_tamper_rejection" time="0.004" /><testcase classname="tests.test_spec.SpecTests" name="test_profiles_are_locked_and_default_digest_is_unchanged" time="0.004" /><testcase classname="tests.test_spec.SpecTests" name="test_protocol_locks_cannot_be_relaxed" time="0.005" /><testcase classname="tests.test_spec.SpecTests" name="test_version_and_path_are_fail_closed" time="0.004" /></testsuite></testsuites>