<?xml version="1.0" encoding="utf-8"?><testsuites name="pytest tests"><testsuite name="pytest" errors="0" failures="0" skipped="0" tests="20" time="19.750" timestamp="2026-05-23T15:46:34.118610-04:00" hostname="BMP"><testcase classname="tests.test_sentinel.TestSentinel" name="test_initial_state" time="16.285" /><testcase classname="tests.test_sentinel.TestSentinel" name="test_nominal_transition" time="0.003" /><testcase classname="tests.test_sentinel.TestSentinel" name="test_amber_state" time="0.003" /><testcase classname="tests.test_sentinel.TestSentinel" name="test_red_representation_collapse" time="0.003" /><testcase classname="tests.test_proof_artifacts" name="test_create_proof_artifact_dir_creates_root_and_required_subdirs" time="0.036" /><testcase classname="tests.test_proof_artifacts" name="test_create_proof_subdirs_is_idempotent" time="0.020" /><testcase classname="tests.test_proof_artifacts" name="test_expected_proof_artifact_paths_lists_required_files_without_creating_them" time="0.011" /><testcase classname="tests.test_proof_baseline_runner" name="test_run_writes_required_baseline_artifacts_with_seed_frames_and_out_dir" time="0.490" /><testcase classname="tests.test_proof_baseline_runner" name="test_discover_drive_root_prefers_writable_env_dir" time="0.010" /><testcase classname="tests.test_proof_baseline_runner" name="test_discover_drive_root_accepts_colab_my_drive_path" time="0.069" /><testcase classname="tests.test_proof_baseline_runner" name="test_discover_drive_root_skips_unconfigured_plain_local_google_drive" time="0.008" /><testcase classname="tests.test_proof_baseline_runner" name="test_mirror_to_drive_copies_artifact_tree_to_proof_phase" time="0.053" /><testcase classname="tests.test_sentinel_false_positive_control" name="test_low_noise_normal_only_false_positive_target" time="0.083" /><testcase classname="tests.test_sentinel_false_positive_control" name="test_single_isolated_spike_stays_candidate_in_low_noise" time="0.003" /><testcase classname="tests.test_sentinel_event_confirmation" name="test_sustained_anomaly_burst_confirms_as_one_event" time="0.004" /><testcase classname="tests.test_sentinel_event_confirmation" name="test_repeated_nearby_spikes_merge_without_alert_spam" time="0.004" /><testcase classname="tests.test_sentinel_event_confirmation" name="test_cooldown_suppresses_same_cluster_alert_spam" time="0.004" /><testcase classname="tests.test_sentinel_modes" name="test_modes_order_false_positive_control_vs_recall" time="0.008" /><testcase classname="tests.test_incident_card_confirmation" name="test_confirmed_event_emits_one_incident_card_compatible_record" time="0.003" /><testcase classname="tests.test_incident_card_confirmation" name="test_eidos_life_lifecycle_events_confirm_without_post_recovery_spam" time="0.004" /></testsuite></testsuites>